Loading data into RAM
CPU memory used (MB) 17
Loading data into GPU
GPU memory used (MB) 17
Loading data into RAM
CPU memory used (MB) 5
Loading data into GPU
GPU memory used (MB) 5
Training set size: 2180
Validation set size: 720
Train SR network for WeatherBench model with lr 0.0001 using SignatureKernel scoring rule
reached train
  0%|          | 0/150 [00:00<?, ?it/s]/gpfs/home/stats/stubxk/ArcherDissEnv3/lib/python3.11/site-packages/numba/cuda/dispatcher.py:536: NumbaPerformanceWarning: [1mGrid size 9 will likely result in GPU under-utilization due to low occupancy.[0m
  warn(NumbaPerformanceWarning(msg))
/gpfs/home/stats/stubxk/ArcherDissEnv3/lib/python3.11/site-packages/numba/cuda/dispatcher.py:536: NumbaPerformanceWarning: [1mGrid size 3 will likely result in GPU under-utilization due to low occupancy.[0m
  warn(NumbaPerformanceWarning(msg))
  0%|          | 0/150 [00:04<?, ?it/s]
yo
torch.Size([16, 10, 32, 64, 1])
torch.Size([16, 2, 32, 64, 1])
torch.Size([3, 2, 32, 64, 1])
torch.Size([1, 2, 32, 64, 1])
Traceback (most recent call last):
  File "/gpfs/home/stats/stubxk/TaskFarmWeather6/PatchedWeatherCombinedP2L4/TestWeatherBench.py", line 204, in <module>
    train_loss_list, val_loss_list = fit(data_loader_train, net, loss_fn, optimizer, scheduler, epochs, cuda,
                                     ^^^^^^^^^^^^^^^^^^^^^^^^^^^^^^^^^^^^^^^^^^^^^^^^^^^^^^^^^^^^^^^^^^^^^^^^
  File "/gpfs/home/stats/stubxk/TaskFarmWeather6/PatchedWeatherCombinedP2L4/src/nn.py", line 847, in fit
    train_loss =  train_epoch_longerpredictionbatch(train_loader, model, loss_fn, optimizer, cuda, prediction_length,scaling_mean,scaling_std)
                  ^^^^^^^^^^^^^^^^^^^^^^^^^^^^^^^^^^^^^^^^^^^^^^^^^^^^^^^^^^^^^^^^^^^^^^^^^^^^^^^^^^^^^^^^^^^^^^^^^^^^^^^^^^^^^^^^^^^^^^^^^^^^
  File "/gpfs/home/stats/stubxk/TaskFarmWeather6/PatchedWeatherCombinedP2L4/src/nn.py", line 1615, in train_epoch_longerpredictionbatch
    loss = loss_fn(forecasts, targetbatch,scaling_mean, scaling_std)
           ^^^^^^^^^^^^^^^^^^^^^^^^^^^^^^^^^^^^^^^^^^^^^^^^^^^^^^^^^
  File "/gpfs/home/stats/stubxk/TaskFarmWeather6/PatchedWeatherCombinedP2L4/src/scoring_rules.py", line 459, in estimate_score_batch
    energyscore = self.energycompute(forecast, verification, mean, std)
                  ^^^^^^^^^^^^^^^^^^^^^^^^^^^^^^^^^^^^^^^^^^^^^^^^^^^^^
  File "/gpfs/home/stats/stubxk/TaskFarmWeather6/PatchedWeatherCombinedP2L4/src/scoring_rules.py", line 447, in energycompute
    vals.append(mean_score*self.weights[lat])
                           ^^^^^^^^^^^^
AttributeError: 'SignatureEnergyPatchCombined' object has no attribute 'weights'
srun: error: gpu001: task 0: Exited with exit code 1
srun: launch/slurm: _step_signal: Terminating StepId=1495935.0
