/scrtp/avon/eb/software/PyTorch/2.1.2-foss-2023a-CUDA-12.1.1/lib/python3.11/site-packages/torch/_utils.py:831: UserWarning: TypedStorage is deprecated. It will be removed in the future and UntypedStorage will be the only storage class. This should only matter to you if you are using storages directly.  To access UntypedStorage directly, use tensor.untyped_storage() instead of tensor.storage()
  return self.fget.__get__(instance, owner)()
rnn
Test SR network for lorenz96 model using SignatureKernel scoring rule
torch.Size([1997, 200, 10, 8])
three metrics
[5.114698  5.0209417 5.0313034 5.100601  5.0871987 5.0443215 5.1263566
 5.055951  5.114769  5.0215435 5.029947  5.098455  5.0914917 5.0445538
 5.126561  5.055043  5.1154637 5.020136  5.02912   5.095018  5.091725
 5.04462   5.128697  5.0544567 5.1154165 5.01978   5.025836  5.0949936
 5.0916843 5.0445886 5.129718  5.0565047 5.1156197 5.0224047 5.026295
 5.0960274 5.0901265 5.043042  5.130792  5.055876  5.1156244 5.0231724
 5.0279374 5.095443  5.0909753 5.0370793 5.1331406 5.0555997 5.112411
 5.0239453 5.028029  5.0956807 5.0913477 5.0386834 5.132831  5.0542836
 5.1119947 5.01946   5.0279245 5.0960016 5.0907564 5.040107  5.1325593
 5.058537  5.1083446 5.0190935 5.02736   5.0951424 5.0915565 5.0403457
 5.13207   5.0636983 5.109059  5.0189223 5.0294433 5.0932355 5.0918164
 5.04033   5.134601  5.06279  ]
/scrtp/avon/eb/software/PyTorch/2.1.2-foss-2023a-CUDA-12.1.1/lib/python3.11/site-packages/torch/_utils.py:831: UserWarning: TypedStorage is deprecated. It will be removed in the future and UntypedStorage will be the only storage class. This should only matter to you if you are using storages directly.  To access UntypedStorage directly, use tensor.untyped_storage() instead of tensor.storage()
  return self.fget.__get__(instance, owner)()
rnn
Test SR network for lorenz96 model using SignatureKernel scoring rule
torch.Size([1997, 200, 10, 8])
three metrics
[5.114698  5.0209417 5.0313034 5.100601  5.0871987 5.0443215 5.1263566
 5.055951  5.114769  5.0215435 5.029947  5.098455  5.0914917 5.0445538
 5.126561  5.055043  5.1154637 5.020136  5.02912   5.095018  5.091725
 5.04462   5.128697  5.0544567 5.1154165 5.01978   5.025836  5.0949936
 5.0916843 5.0445886 5.129718  5.0565047 5.1156197 5.0224047 5.026295
 5.0960274 5.0901265 5.043042  5.130792  5.055876  5.1156244 5.0231724
 5.0279374 5.095443  5.0909753 5.0370793 5.1331406 5.0555997 5.112411
 5.0239453 5.028029  5.0956807 5.0913477 5.0386834 5.132831  5.0542836
 5.1119947 5.01946   5.0279245 5.0960016 5.0907564 5.040107  5.1325593
 5.058537  5.1083446 5.0190935 5.02736   5.0951424 5.0915565 5.0403457
 5.13207   5.0636983 5.109059  5.0189223 5.0294433 5.0932355 5.0918164
 5.04033   5.134601  5.06279  ]
